<?xml version="1.0" encoding="UTF-8"?>
<testsuite name="LibraryTest" tests="1" skipped="0" failures="0" errors="0" timestamp="2017-10-06T07:40:00" hostname="WIN-94P5PLHK7JQ" time="0.002">
  <properties/>
  <testcase name="testSomeLibraryMethod" classname="LibraryTest" time="0.002"/>
  <system-out><![CDATA[]]></system-out>
  <system-err><![CDATA[]]></system-err>
</testsuite>
